{"reason": {"e": "[Errno 2] No such file or directory: 'data\\\\0704.0388\\\\arXiv-0704.0388v2.tar.gz'", "exc_type": "<class 'FileNotFoundError'>", "exc_value": "[Errno 2] No such file or directory: 'data\\\\0704.0388\\\\arXiv-0704.0388v2.tar.gz'", "exc_traceback": "<traceback object at 0x7fd388b148c0>"}, "file": "data\\0704.0388\\arXiv-0704.0388v2.tar.gz"}
{"reason": {"e": "[Errno 2] No such file or directory: 'data\\\\2410.01461\\\\arXiv-2410.01461v1.tar.gz'", "exc_type": "<class 'FileNotFoundError'>", "exc_value": "[Errno 2] No such file or directory: 'data\\\\2410.01461\\\\arXiv-2410.01461v1.tar.gz'", "exc_traceback": "<traceback object at 0x7fd388b15040>"}, "file": "data\\2410.01461\\arXiv-2410.01461v1.tar.gz"}
{"reason": {"e": "[Errno 2] No such file or directory: 'data\\\\2410.03042\\\\arXiv-2410.03042v1.tar.gz'", "exc_type": "<class 'FileNotFoundError'>", "exc_value": "[Errno 2] No such file or directory: 'data\\\\2410.03042\\\\arXiv-2410.03042v1.tar.gz'", "exc_traceback": "<traceback object at 0x7fd388b150c0>"}, "file": "data\\2410.03042\\arXiv-2410.03042v1.tar.gz"}
{"reason": "no figure in tex", "file": "data/2410.03042/arXiv-2410.03042v1.tar.gz", "tex_file": "data/2410.03042/arXiv-2410.03042v1/table-comparison.tex"}
{"reason": "no figure in tex", "file": "data/2410.03042/arXiv-2410.03042v1.tar.gz", "tex_file": "data/2410.03042/arXiv-2410.03042v1/table-synth-comm-efficiency.tex"}
{"reason": "no figure in tex", "file": "data/2410.03042/arXiv-2410.03042v1.tar.gz", "tex_file": "data/2410.03042/arXiv-2410.03042v1/math_commands.tex"}
{"reason": "no figure in tex", "file": "data/2410.03042/arXiv-2410.03042v1.tar.gz", "tex_file": "data/2410.03042/arXiv-2410.03042v1/table-cifar-mnist.tex"}
{"reason": "no figure in tex", "file": "data/2410.03042/arXiv-2410.03042v1.tar.gz", "tex_file": "data/2410.03042/arXiv-2410.03042v1/table-synth-fedprox.tex"}
{"reason": "no figure in tex", "file": "data/2410.03042/arXiv-2410.03042v1.tar.gz", "tex_file": "data/2410.03042/arXiv-2410.03042v1/algorithm-fedpews.tex"}
{"reason": "no figure in tex", "file": "data/2410.03042/arXiv-2410.03042v1.tar.gz", "tex_file": "data/2410.03042/arXiv-2410.03042v1/table-path-oct-tissue-mnist.tex"}
{"reason": "no figure in tex", "file": "data/2410.03042/arXiv-2410.03042v1.tar.gz", "tex_file": "data/2410.03042/arXiv-2410.03042v1/table-comparison.tex"}
{"reason": "no figure in tex", "file": "data/2410.03042/arXiv-2410.03042v1.tar.gz", "tex_file": "data/2410.03042/arXiv-2410.03042v1/table-synth-comm-efficiency.tex"}
{"reason": "no figure in tex", "file": "data/2410.03042/arXiv-2410.03042v1.tar.gz", "tex_file": "data/2410.03042/arXiv-2410.03042v1/math_commands.tex"}
{"reason": "no figure in tex", "file": "data/2410.03042/arXiv-2410.03042v1.tar.gz", "tex_file": "data/2410.03042/arXiv-2410.03042v1/table-cifar-mnist.tex"}
{"reason": "no figure in tex", "file": "data/2410.03042/arXiv-2410.03042v1.tar.gz", "tex_file": "data/2410.03042/arXiv-2410.03042v1/table-synth-fedprox.tex"}
{"reason": "no figure in tex", "file": "data/2410.03042/arXiv-2410.03042v1.tar.gz", "tex_file": "data/2410.03042/arXiv-2410.03042v1/algorithm-fedpews.tex"}
{"reason": "no figure in tex", "file": "data/2410.03042/arXiv-2410.03042v1.tar.gz", "tex_file": "data/2410.03042/arXiv-2410.03042v1/table-path-oct-tissue-mnist.tex"}
{"reason": "no figure in tex", "file": "data/2410.03042/arXiv-2410.03042v1.tar.gz", "tex_file": "data/2410.03042/arXiv-2410.03042v1/table-comparison.tex"}
{"reason": "no figure in tex", "file": "data/2410.03042/arXiv-2410.03042v1.tar.gz", "tex_file": "data/2410.03042/arXiv-2410.03042v1/table-synth-comm-efficiency.tex"}
{"reason": "no figure in tex", "file": "data/2410.03042/arXiv-2410.03042v1.tar.gz", "tex_file": "data/2410.03042/arXiv-2410.03042v1/math_commands.tex"}
{"reason": "no figure in tex", "file": "data/2410.03042/arXiv-2410.03042v1.tar.gz", "tex_file": "data/2410.03042/arXiv-2410.03042v1/table-cifar-mnist.tex"}
{"reason": "no figure in tex", "file": "data/2410.03042/arXiv-2410.03042v1.tar.gz", "tex_file": "data/2410.03042/arXiv-2410.03042v1/table-synth-fedprox.tex"}
{"reason": "no figure in tex", "file": "data/2410.03042/arXiv-2410.03042v1.tar.gz", "tex_file": "data/2410.03042/arXiv-2410.03042v1/algorithm-fedpews.tex"}
{"reason": "no figure in tex", "file": "data/2410.03042/arXiv-2410.03042v1.tar.gz", "tex_file": "data/2410.03042/arXiv-2410.03042v1/table-path-oct-tissue-mnist.tex"}
{"reason": "no figure in tex", "file": "data/2410.03042/arXiv-2410.03042v1.tar.gz", "tex_file": "data/2410.03042/arXiv-2410.03042v1/table-comparison.tex"}
{"reason": "no figure in tex", "file": "data/2410.03042/arXiv-2410.03042v1.tar.gz", "tex_file": "data/2410.03042/arXiv-2410.03042v1/table-synth-comm-efficiency.tex"}
{"reason": "no figure in tex", "file": "data/2410.03042/arXiv-2410.03042v1.tar.gz", "tex_file": "data/2410.03042/arXiv-2410.03042v1/math_commands.tex"}
{"reason": "no figure in tex", "file": "data/2410.03042/arXiv-2410.03042v1.tar.gz", "tex_file": "data/2410.03042/arXiv-2410.03042v1/table-cifar-mnist.tex"}
{"reason": "no figure in tex", "file": "data/2410.03042/arXiv-2410.03042v1.tar.gz", "tex_file": "data/2410.03042/arXiv-2410.03042v1/table-synth-fedprox.tex"}
{"reason": "no figure in tex", "file": "data/2410.03042/arXiv-2410.03042v1.tar.gz", "tex_file": "data/2410.03042/arXiv-2410.03042v1/algorithm-fedpews.tex"}
{"reason": "no figure in tex", "file": "data/2410.03042/arXiv-2410.03042v1.tar.gz", "tex_file": "data/2410.03042/arXiv-2410.03042v1/table-path-oct-tissue-mnist.tex"}
{"reason": "no figure in tex", "file": "data/2410.03042/arXiv-2410.03042v1.tar.gz", "tex_file": "data/2410.03042/arXiv-2410.03042v1/table-comparison.tex"}
{"reason": "no figure in tex", "file": "data/2410.03042/arXiv-2410.03042v1.tar.gz", "tex_file": "data/2410.03042/arXiv-2410.03042v1/table-synth-comm-efficiency.tex"}
{"reason": "no figure in tex", "file": "data/2410.03042/arXiv-2410.03042v1.tar.gz", "tex_file": "data/2410.03042/arXiv-2410.03042v1/math_commands.tex"}
{"reason": "no figure in tex", "file": "data/2410.03042/arXiv-2410.03042v1.tar.gz", "tex_file": "data/2410.03042/arXiv-2410.03042v1/table-cifar-mnist.tex"}
{"reason": "no figure in tex", "file": "data/2410.03042/arXiv-2410.03042v1.tar.gz", "tex_file": "data/2410.03042/arXiv-2410.03042v1/table-synth-fedprox.tex"}
{"reason": "no figure in tex", "file": "data/2410.03042/arXiv-2410.03042v1.tar.gz", "tex_file": "data/2410.03042/arXiv-2410.03042v1/algorithm-fedpews.tex"}
{"reason": "no figure in tex", "file": "data/2410.03042/arXiv-2410.03042v1.tar.gz", "tex_file": "data/2410.03042/arXiv-2410.03042v1/table-path-oct-tissue-mnist.tex"}
{"reason": "no table in tex", "file": "data/2410.03042/arXiv-2410.03042v1.tar.gz", "tex_file": "data/2410.03042/arXiv-2410.03042v1/math_commands.tex"}
{"reason": "no table in tex", "file": "data/2410.03042/arXiv-2410.03042v1.tar.gz", "tex_file": "data/2410.03042/arXiv-2410.03042v1/algorithm-fedpews.tex"}
{"reason": "no table in tex", "file": "data/2410.03042/arXiv-2410.03042v1.tar.gz", "tex_file": "data/2410.03042/arXiv-2410.03042v1/math_commands.tex"}
{"reason": "no table in tex", "file": "data/2410.03042/arXiv-2410.03042v1.tar.gz", "tex_file": "data/2410.03042/arXiv-2410.03042v1/algorithm-fedpews.tex"}
{"reason": "no table in tex", "file": "data/2410.03042/arXiv-2410.03042v1.tar.gz", "tex_file": "data/2410.03042/arXiv-2410.03042v1/math_commands.tex"}
{"reason": "no table in tex", "file": "data/2410.03042/arXiv-2410.03042v1.tar.gz", "tex_file": "data/2410.03042/arXiv-2410.03042v1/algorithm-fedpews.tex"}
{"reason": "no table in tex", "file": "data/2410.03042/arXiv-2410.03042v1.tar.gz", "tex_file": "data/2410.03042/arXiv-2410.03042v1/math_commands.tex"}
{"reason": "no table in tex", "file": "data/2410.03042/arXiv-2410.03042v1.tar.gz", "tex_file": "data/2410.03042/arXiv-2410.03042v1/algorithm-fedpews.tex"}
